Traceback (most recent call last):
  File "/Users/eris/Developer/lcdStats/venv/lib/python3.12/site-packages/serial/serialposix.py", line 621, in write
    n = os.write(self.fd, d)
        ^^^^^^^^^^^^^^^^^^^^
OSError: [Errno 6] Device not configured

During handling of the above exception, another exception occurred:

Traceback (most recent call last):
  File "/Users/eris/Developer/lcdStats/run.py", line 61, in <module>
    value = write_read(finalString)
            ^^^^^^^^^^^^^^^^^^^^^^^
  File "/Users/eris/Developer/lcdStats/run.py", line 43, in write_read
    arduino.write(bytes(x, 'utf-8'))
  File "/Users/eris/Developer/lcdStats/venv/lib/python3.12/site-packages/serial/serialposix.py", line 655, in write
    raise SerialException('write failed: {}'.format(e))
serial.serialutil.SerialException: write failed: [Errno 6] Device not configured
Traceback (most recent call last):
  File "/Users/eris/Developer/lcdStats/venv/lib/python3.12/site-packages/serial/serialposix.py", line 322, in open
    self.fd = os.open(self.portstr, os.O_RDWR | os.O_NOCTTY | os.O_NONBLOCK)
              ^^^^^^^^^^^^^^^^^^^^^^^^^^^^^^^^^^^^^^^^^^^^^^^^^^^^^^^^^^^^^^
FileNotFoundError: [Errno 2] No such file or directory: '/dev/tty.usbserial-1450'

During handling of the above exception, another exception occurred:

Traceback (most recent call last):
  File "/Users/eris/Developer/lcdStats/run.py", line 7, in <module>
    arduino = serial.Serial(port='/dev/tty.usbserial-1450',
              ^^^^^^^^^^^^^^^^^^^^^^^^^^^^^^^^^^^^^^^^^^^^^
  File "/Users/eris/Developer/lcdStats/venv/lib/python3.12/site-packages/serial/serialutil.py", line 244, in __init__
    self.open()
  File "/Users/eris/Developer/lcdStats/venv/lib/python3.12/site-packages/serial/serialposix.py", line 325, in open
    raise SerialException(msg.errno, "could not open port {}: {}".format(self._port, msg))
serial.serialutil.SerialException: [Errno 2] could not open port /dev/tty.usbserial-1450: [Errno 2] No such file or directory: '/dev/tty.usbserial-1450'
Traceback (most recent call last):
  File "/Users/eris/Developer/lcdStats/venv/lib/python3.12/site-packages/serial/serialposix.py", line 621, in write
    n = os.write(self.fd, d)
        ^^^^^^^^^^^^^^^^^^^^
OSError: [Errno 6] Device not configured

During handling of the above exception, another exception occurred:

Traceback (most recent call last):
  File "/Users/eris/Developer/lcdStats/run.py", line 61, in <module>
    value = write_read(finalString)
            ^^^^^^^^^^^^^^^^^^^^^^^
  File "/Users/eris/Developer/lcdStats/run.py", line 43, in write_read
    arduino.write(bytes(x, 'utf-8'))
  File "/Users/eris/Developer/lcdStats/venv/lib/python3.12/site-packages/serial/serialposix.py", line 655, in write
    raise SerialException('write failed: {}'.format(e))
serial.serialutil.SerialException: write failed: [Errno 6] Device not configured
Traceback (most recent call last):
  File "/Users/eris/Developer/lcdStats/venv/lib/python3.12/site-packages/serial/serialposix.py", line 322, in open
    self.fd = os.open(self.portstr, os.O_RDWR | os.O_NOCTTY | os.O_NONBLOCK)
              ^^^^^^^^^^^^^^^^^^^^^^^^^^^^^^^^^^^^^^^^^^^^^^^^^^^^^^^^^^^^^^
FileNotFoundError: [Errno 2] No such file or directory: '/dev/tty.usbserial-1450'

During handling of the above exception, another exception occurred:

Traceback (most recent call last):
  File "/Users/eris/Developer/lcdStats/run.py", line 7, in <module>
    arduino = serial.Serial(port='/dev/tty.usbserial-1450',
              ^^^^^^^^^^^^^^^^^^^^^^^^^^^^^^^^^^^^^^^^^^^^^
  File "/Users/eris/Developer/lcdStats/venv/lib/python3.12/site-packages/serial/serialutil.py", line 244, in __init__
    self.open()
  File "/Users/eris/Developer/lcdStats/venv/lib/python3.12/site-packages/serial/serialposix.py", line 325, in open
    raise SerialException(msg.errno, "could not open port {}: {}".format(self._port, msg))
serial.serialutil.SerialException: [Errno 2] could not open port /dev/tty.usbserial-1450: [Errno 2] No such file or directory: '/dev/tty.usbserial-1450'
Traceback (most recent call last):
  File "/Users/eris/Developer/lcdStats/venv/lib/python3.12/site-packages/serial/serialposix.py", line 322, in open
    self.fd = os.open(self.portstr, os.O_RDWR | os.O_NOCTTY | os.O_NONBLOCK)
              ^^^^^^^^^^^^^^^^^^^^^^^^^^^^^^^^^^^^^^^^^^^^^^^^^^^^^^^^^^^^^^
FileNotFoundError: [Errno 2] No such file or directory: '/dev/tty.usbserial-1450'

During handling of the above exception, another exception occurred:

Traceback (most recent call last):
  File "/Users/eris/Developer/lcdStats/run.py", line 7, in <module>
    arduino = serial.Serial(port='/dev/tty.usbserial-1450',
              ^^^^^^^^^^^^^^^^^^^^^^^^^^^^^^^^^^^^^^^^^^^^^
  File "/Users/eris/Developer/lcdStats/venv/lib/python3.12/site-packages/serial/serialutil.py", line 244, in __init__
    self.open()
  File "/Users/eris/Developer/lcdStats/venv/lib/python3.12/site-packages/serial/serialposix.py", line 325, in open
    raise SerialException(msg.errno, "could not open port {}: {}".format(self._port, msg))
serial.serialutil.SerialException: [Errno 2] could not open port /dev/tty.usbserial-1450: [Errno 2] No such file or directory: '/dev/tty.usbserial-1450'
Traceback (most recent call last):
  File "/Users/eris/Developer/lcdStats/venv/lib/python3.12/site-packages/serial/serialposix.py", line 322, in open
    self.fd = os.open(self.portstr, os.O_RDWR | os.O_NOCTTY | os.O_NONBLOCK)
              ^^^^^^^^^^^^^^^^^^^^^^^^^^^^^^^^^^^^^^^^^^^^^^^^^^^^^^^^^^^^^^
FileNotFoundError: [Errno 2] No such file or directory: '/dev/tty.usbserial-1450'

During handling of the above exception, another exception occurred:

Traceback (most recent call last):
  File "/Users/eris/Developer/lcdStats/run.py", line 7, in <module>
    arduino = serial.Serial(port='/dev/tty.usbserial-1450',
              ^^^^^^^^^^^^^^^^^^^^^^^^^^^^^^^^^^^^^^^^^^^^^
  File "/Users/eris/Developer/lcdStats/venv/lib/python3.12/site-packages/serial/serialutil.py", line 244, in __init__
    self.open()
  File "/Users/eris/Developer/lcdStats/venv/lib/python3.12/site-packages/serial/serialposix.py", line 325, in open
    raise SerialException(msg.errno, "could not open port {}: {}".format(self._port, msg))
serial.serialutil.SerialException: [Errno 2] could not open port /dev/tty.usbserial-1450: [Errno 2] No such file or directory: '/dev/tty.usbserial-1450'
Traceback (most recent call last):
  File "/Users/eris/Developer/lcdStats/venv/lib/python3.12/site-packages/serial/serialposix.py", line 322, in open
    self.fd = os.open(self.portstr, os.O_RDWR | os.O_NOCTTY | os.O_NONBLOCK)
              ^^^^^^^^^^^^^^^^^^^^^^^^^^^^^^^^^^^^^^^^^^^^^^^^^^^^^^^^^^^^^^
FileNotFoundError: [Errno 2] No such file or directory: '/dev/tty.usbserial-1450'

During handling of the above exception, another exception occurred:

Traceback (most recent call last):
  File "/Users/eris/Developer/lcdStats/run.py", line 7, in <module>
    arduino = serial.Serial(port='/dev/tty.usbserial-1450',
              ^^^^^^^^^^^^^^^^^^^^^^^^^^^^^^^^^^^^^^^^^^^^^
  File "/Users/eris/Developer/lcdStats/venv/lib/python3.12/site-packages/serial/serialutil.py", line 244, in __init__
    self.open()
  File "/Users/eris/Developer/lcdStats/venv/lib/python3.12/site-packages/serial/serialposix.py", line 325, in open
    raise SerialException(msg.errno, "could not open port {}: {}".format(self._port, msg))
serial.serialutil.SerialException: [Errno 2] could not open port /dev/tty.usbserial-1450: [Errno 2] No such file or directory: '/dev/tty.usbserial-1450'
Traceback (most recent call last):
  File "/Users/eris/Developer/lcdStats/venv/lib/python3.12/site-packages/serial/serialposix.py", line 322, in open
    self.fd = os.open(self.portstr, os.O_RDWR | os.O_NOCTTY | os.O_NONBLOCK)
              ^^^^^^^^^^^^^^^^^^^^^^^^^^^^^^^^^^^^^^^^^^^^^^^^^^^^^^^^^^^^^^
FileNotFoundError: [Errno 2] No such file or directory: '/dev/tty.usbserial-1450'

During handling of the above exception, another exception occurred:

Traceback (most recent call last):
  File "/Users/eris/Developer/lcdStats/run.py", line 7, in <module>
    arduino = serial.Serial(port='/dev/tty.usbserial-1450',
              ^^^^^^^^^^^^^^^^^^^^^^^^^^^^^^^^^^^^^^^^^^^^^
  File "/Users/eris/Developer/lcdStats/venv/lib/python3.12/site-packages/serial/serialutil.py", line 244, in __init__
    self.open()
  File "/Users/eris/Developer/lcdStats/venv/lib/python3.12/site-packages/serial/serialposix.py", line 325, in open
    raise SerialException(msg.errno, "could not open port {}: {}".format(self._port, msg))
serial.serialutil.SerialException: [Errno 2] could not open port /dev/tty.usbserial-1450: [Errno 2] No such file or directory: '/dev/tty.usbserial-1450'
Traceback (most recent call last):
  File "/Users/eris/Developer/lcdStats/venv/lib/python3.12/site-packages/serial/serialposix.py", line 322, in open
    self.fd = os.open(self.portstr, os.O_RDWR | os.O_NOCTTY | os.O_NONBLOCK)
              ^^^^^^^^^^^^^^^^^^^^^^^^^^^^^^^^^^^^^^^^^^^^^^^^^^^^^^^^^^^^^^
FileNotFoundError: [Errno 2] No such file or directory: '/dev/tty.usbserial-1450'

During handling of the above exception, another exception occurred:

Traceback (most recent call last):
  File "/Users/eris/Developer/lcdStats/run.py", line 7, in <module>
    arduino = serial.Serial(port='/dev/tty.usbserial-1450',
              ^^^^^^^^^^^^^^^^^^^^^^^^^^^^^^^^^^^^^^^^^^^^^
  File "/Users/eris/Developer/lcdStats/venv/lib/python3.12/site-packages/serial/serialutil.py", line 244, in __init__
    self.open()
  File "/Users/eris/Developer/lcdStats/venv/lib/python3.12/site-packages/serial/serialposix.py", line 325, in open
    raise SerialException(msg.errno, "could not open port {}: {}".format(self._port, msg))
serial.serialutil.SerialException: [Errno 2] could not open port /dev/tty.usbserial-1450: [Errno 2] No such file or directory: '/dev/tty.usbserial-1450'
Traceback (most recent call last):
  File "/Users/eris/Developer/lcdStats/venv/lib/python3.12/site-packages/serial/serialposix.py", line 322, in open
    self.fd = os.open(self.portstr, os.O_RDWR | os.O_NOCTTY | os.O_NONBLOCK)
              ^^^^^^^^^^^^^^^^^^^^^^^^^^^^^^^^^^^^^^^^^^^^^^^^^^^^^^^^^^^^^^
FileNotFoundError: [Errno 2] No such file or directory: '/dev/tty.usbserial-1450'

During handling of the above exception, another exception occurred:

Traceback (most recent call last):
  File "/Users/eris/Developer/lcdStats/run.py", line 7, in <module>
    arduino = serial.Serial(port='/dev/tty.usbserial-1450',
              ^^^^^^^^^^^^^^^^^^^^^^^^^^^^^^^^^^^^^^^^^^^^^
  File "/Users/eris/Developer/lcdStats/venv/lib/python3.12/site-packages/serial/serialutil.py", line 244, in __init__
    self.open()
  File "/Users/eris/Developer/lcdStats/venv/lib/python3.12/site-packages/serial/serialposix.py", line 325, in open
    raise SerialException(msg.errno, "could not open port {}: {}".format(self._port, msg))
serial.serialutil.SerialException: [Errno 2] could not open port /dev/tty.usbserial-1450: [Errno 2] No such file or directory: '/dev/tty.usbserial-1450'
Traceback (most recent call last):
  File "/Users/eris/Developer/lcdStats/venv/lib/python3.12/site-packages/serial/serialposix.py", line 322, in open
    self.fd = os.open(self.portstr, os.O_RDWR | os.O_NOCTTY | os.O_NONBLOCK)
              ^^^^^^^^^^^^^^^^^^^^^^^^^^^^^^^^^^^^^^^^^^^^^^^^^^^^^^^^^^^^^^
FileNotFoundError: [Errno 2] No such file or directory: '/dev/tty.usbserial-1450'

During handling of the above exception, another exception occurred:

Traceback (most recent call last):
  File "/Users/eris/Developer/lcdStats/run.py", line 7, in <module>
    arduino = serial.Serial(port='/dev/tty.usbserial-1450',
              ^^^^^^^^^^^^^^^^^^^^^^^^^^^^^^^^^^^^^^^^^^^^^
  File "/Users/eris/Developer/lcdStats/venv/lib/python3.12/site-packages/serial/serialutil.py", line 244, in __init__
    self.open()
  File "/Users/eris/Developer/lcdStats/venv/lib/python3.12/site-packages/serial/serialposix.py", line 325, in open
    raise SerialException(msg.errno, "could not open port {}: {}".format(self._port, msg))
serial.serialutil.SerialException: [Errno 2] could not open port /dev/tty.usbserial-1450: [Errno 2] No such file or directory: '/dev/tty.usbserial-1450'
Traceback (most recent call last):
  File "/Users/eris/Developer/lcdStats/venv/lib/python3.12/site-packages/serial/serialposix.py", line 322, in open
    self.fd = os.open(self.portstr, os.O_RDWR | os.O_NOCTTY | os.O_NONBLOCK)
              ^^^^^^^^^^^^^^^^^^^^^^^^^^^^^^^^^^^^^^^^^^^^^^^^^^^^^^^^^^^^^^
FileNotFoundError: [Errno 2] No such file or directory: '/dev/tty.usbserial-1450'

During handling of the above exception, another exception occurred:

Traceback (most recent call last):
  File "/Users/eris/Developer/lcdStats/run.py", line 7, in <module>
    arduino = serial.Serial(port='/dev/tty.usbserial-1450',
              ^^^^^^^^^^^^^^^^^^^^^^^^^^^^^^^^^^^^^^^^^^^^^
  File "/Users/eris/Developer/lcdStats/venv/lib/python3.12/site-packages/serial/serialutil.py", line 244, in __init__
    self.open()
  File "/Users/eris/Developer/lcdStats/venv/lib/python3.12/site-packages/serial/serialposix.py", line 325, in open
    raise SerialException(msg.errno, "could not open port {}: {}".format(self._port, msg))
serial.serialutil.SerialException: [Errno 2] could not open port /dev/tty.usbserial-1450: [Errno 2] No such file or directory: '/dev/tty.usbserial-1450'
Traceback (most recent call last):
  File "/Users/eris/Developer/lcdStats/venv/lib/python3.12/site-packages/serial/serialposix.py", line 322, in open
    self.fd = os.open(self.portstr, os.O_RDWR | os.O_NOCTTY | os.O_NONBLOCK)
              ^^^^^^^^^^^^^^^^^^^^^^^^^^^^^^^^^^^^^^^^^^^^^^^^^^^^^^^^^^^^^^
FileNotFoundError: [Errno 2] No such file or directory: '/dev/tty.usbserial-1450'

During handling of the above exception, another exception occurred:

Traceback (most recent call last):
  File "/Users/eris/Developer/lcdStats/run.py", line 7, in <module>
    arduino = serial.Serial(port='/dev/tty.usbserial-1450',
              ^^^^^^^^^^^^^^^^^^^^^^^^^^^^^^^^^^^^^^^^^^^^^
  File "/Users/eris/Developer/lcdStats/venv/lib/python3.12/site-packages/serial/serialutil.py", line 244, in __init__
    self.open()
  File "/Users/eris/Developer/lcdStats/venv/lib/python3.12/site-packages/serial/serialposix.py", line 325, in open
    raise SerialException(msg.errno, "could not open port {}: {}".format(self._port, msg))
serial.serialutil.SerialException: [Errno 2] could not open port /dev/tty.usbserial-1450: [Errno 2] No such file or directory: '/dev/tty.usbserial-1450'
Traceback (most recent call last):
  File "/Users/eris/Developer/lcdStats/venv/lib/python3.12/site-packages/serial/serialposix.py", line 322, in open
    self.fd = os.open(self.portstr, os.O_RDWR | os.O_NOCTTY | os.O_NONBLOCK)
              ^^^^^^^^^^^^^^^^^^^^^^^^^^^^^^^^^^^^^^^^^^^^^^^^^^^^^^^^^^^^^^
FileNotFoundError: [Errno 2] No such file or directory: '/dev/tty.usbserial-1450'

During handling of the above exception, another exception occurred:

Traceback (most recent call last):
  File "/Users/eris/Developer/lcdStats/run.py", line 7, in <module>
    arduino = serial.Serial(port='/dev/tty.usbserial-1450',
              ^^^^^^^^^^^^^^^^^^^^^^^^^^^^^^^^^^^^^^^^^^^^^
  File "/Users/eris/Developer/lcdStats/venv/lib/python3.12/site-packages/serial/serialutil.py", line 244, in __init__
    self.open()
  File "/Users/eris/Developer/lcdStats/venv/lib/python3.12/site-packages/serial/serialposix.py", line 325, in open
    raise SerialException(msg.errno, "could not open port {}: {}".format(self._port, msg))
serial.serialutil.SerialException: [Errno 2] could not open port /dev/tty.usbserial-1450: [Errno 2] No such file or directory: '/dev/tty.usbserial-1450'
Traceback (most recent call last):
  File "/Users/eris/Developer/lcdStats/venv/lib/python3.12/site-packages/serial/serialposix.py", line 322, in open
    self.fd = os.open(self.portstr, os.O_RDWR | os.O_NOCTTY | os.O_NONBLOCK)
              ^^^^^^^^^^^^^^^^^^^^^^^^^^^^^^^^^^^^^^^^^^^^^^^^^^^^^^^^^^^^^^
FileNotFoundError: [Errno 2] No such file or directory: '/dev/tty.usbserial-1450'

During handling of the above exception, another exception occurred:

Traceback (most recent call last):
  File "/Users/eris/Developer/lcdStats/run.py", line 7, in <module>
    arduino = serial.Serial(port='/dev/tty.usbserial-1450',
              ^^^^^^^^^^^^^^^^^^^^^^^^^^^^^^^^^^^^^^^^^^^^^
  File "/Users/eris/Developer/lcdStats/venv/lib/python3.12/site-packages/serial/serialutil.py", line 244, in __init__
    self.open()
  File "/Users/eris/Developer/lcdStats/venv/lib/python3.12/site-packages/serial/serialposix.py", line 325, in open
    raise SerialException(msg.errno, "could not open port {}: {}".format(self._port, msg))
serial.serialutil.SerialException: [Errno 2] could not open port /dev/tty.usbserial-1450: [Errno 2] No such file or directory: '/dev/tty.usbserial-1450'
Traceback (most recent call last):
  File "/Users/eris/Developer/lcdStats/venv/lib/python3.12/site-packages/serial/serialposix.py", line 322, in open
    self.fd = os.open(self.portstr, os.O_RDWR | os.O_NOCTTY | os.O_NONBLOCK)
              ^^^^^^^^^^^^^^^^^^^^^^^^^^^^^^^^^^^^^^^^^^^^^^^^^^^^^^^^^^^^^^
FileNotFoundError: [Errno 2] No such file or directory: '/dev/tty.usbserial-1450'

During handling of the above exception, another exception occurred:

Traceback (most recent call last):
  File "/Users/eris/Developer/lcdStats/run.py", line 7, in <module>
    arduino = serial.Serial(port='/dev/tty.usbserial-1450',
              ^^^^^^^^^^^^^^^^^^^^^^^^^^^^^^^^^^^^^^^^^^^^^
  File "/Users/eris/Developer/lcdStats/venv/lib/python3.12/site-packages/serial/serialutil.py", line 244, in __init__
    self.open()
  File "/Users/eris/Developer/lcdStats/venv/lib/python3.12/site-packages/serial/serialposix.py", line 325, in open
    raise SerialException(msg.errno, "could not open port {}: {}".format(self._port, msg))
serial.serialutil.SerialException: [Errno 2] could not open port /dev/tty.usbserial-1450: [Errno 2] No such file or directory: '/dev/tty.usbserial-1450'
Traceback (most recent call last):
  File "/Users/eris/Developer/lcdStats/venv/lib/python3.12/site-packages/serial/serialposix.py", line 322, in open
    self.fd = os.open(self.portstr, os.O_RDWR | os.O_NOCTTY | os.O_NONBLOCK)
              ^^^^^^^^^^^^^^^^^^^^^^^^^^^^^^^^^^^^^^^^^^^^^^^^^^^^^^^^^^^^^^
FileNotFoundError: [Errno 2] No such file or directory: '/dev/tty.usbserial-1450'

During handling of the above exception, another exception occurred:

Traceback (most recent call last):
  File "/Users/eris/Developer/lcdStats/run.py", line 7, in <module>
    arduino = serial.Serial(port='/dev/tty.usbserial-1450',
              ^^^^^^^^^^^^^^^^^^^^^^^^^^^^^^^^^^^^^^^^^^^^^
  File "/Users/eris/Developer/lcdStats/venv/lib/python3.12/site-packages/serial/serialutil.py", line 244, in __init__
    self.open()
  File "/Users/eris/Developer/lcdStats/venv/lib/python3.12/site-packages/serial/serialposix.py", line 325, in open
    raise SerialException(msg.errno, "could not open port {}: {}".format(self._port, msg))
serial.serialutil.SerialException: [Errno 2] could not open port /dev/tty.usbserial-1450: [Errno 2] No such file or directory: '/dev/tty.usbserial-1450'
Traceback (most recent call last):
  File "/Users/eris/Developer/lcdStats/venv/lib/python3.12/site-packages/serial/serialposix.py", line 322, in open
    self.fd = os.open(self.portstr, os.O_RDWR | os.O_NOCTTY | os.O_NONBLOCK)
              ^^^^^^^^^^^^^^^^^^^^^^^^^^^^^^^^^^^^^^^^^^^^^^^^^^^^^^^^^^^^^^
FileNotFoundError: [Errno 2] No such file or directory: '/dev/tty.usbserial-1450'

During handling of the above exception, another exception occurred:

Traceback (most recent call last):
  File "/Users/eris/Developer/lcdStats/run.py", line 7, in <module>
    arduino = serial.Serial(port='/dev/tty.usbserial-1450',
              ^^^^^^^^^^^^^^^^^^^^^^^^^^^^^^^^^^^^^^^^^^^^^
  File "/Users/eris/Developer/lcdStats/venv/lib/python3.12/site-packages/serial/serialutil.py", line 244, in __init__
    self.open()
  File "/Users/eris/Developer/lcdStats/venv/lib/python3.12/site-packages/serial/serialposix.py", line 325, in open
    raise SerialException(msg.errno, "could not open port {}: {}".format(self._port, msg))
serial.serialutil.SerialException: [Errno 2] could not open port /dev/tty.usbserial-1450: [Errno 2] No such file or directory: '/dev/tty.usbserial-1450'
Traceback (most recent call last):
  File "/Users/eris/Developer/lcdStats/venv/lib/python3.12/site-packages/serial/serialposix.py", line 322, in open
    self.fd = os.open(self.portstr, os.O_RDWR | os.O_NOCTTY | os.O_NONBLOCK)
              ^^^^^^^^^^^^^^^^^^^^^^^^^^^^^^^^^^^^^^^^^^^^^^^^^^^^^^^^^^^^^^
FileNotFoundError: [Errno 2] No such file or directory: '/dev/tty.usbserial-1450'

During handling of the above exception, another exception occurred:

Traceback (most recent call last):
  File "/Users/eris/Developer/lcdStats/run.py", line 7, in <module>
    arduino = serial.Serial(port='/dev/tty.usbserial-1450',
              ^^^^^^^^^^^^^^^^^^^^^^^^^^^^^^^^^^^^^^^^^^^^^
  File "/Users/eris/Developer/lcdStats/venv/lib/python3.12/site-packages/serial/serialutil.py", line 244, in __init__
    self.open()
  File "/Users/eris/Developer/lcdStats/venv/lib/python3.12/site-packages/serial/serialposix.py", line 325, in open
    raise SerialException(msg.errno, "could not open port {}: {}".format(self._port, msg))
serial.serialutil.SerialException: [Errno 2] could not open port /dev/tty.usbserial-1450: [Errno 2] No such file or directory: '/dev/tty.usbserial-1450'
Traceback (most recent call last):
  File "/Users/eris/Developer/lcdStats/venv/lib/python3.12/site-packages/serial/serialposix.py", line 322, in open
    self.fd = os.open(self.portstr, os.O_RDWR | os.O_NOCTTY | os.O_NONBLOCK)
              ^^^^^^^^^^^^^^^^^^^^^^^^^^^^^^^^^^^^^^^^^^^^^^^^^^^^^^^^^^^^^^
FileNotFoundError: [Errno 2] No such file or directory: '/dev/tty.usbserial-1450'

During handling of the above exception, another exception occurred:

Traceback (most recent call last):
  File "/Users/eris/Developer/lcdStats/run.py", line 7, in <module>
    arduino = serial.Serial(port='/dev/tty.usbserial-1450',
              ^^^^^^^^^^^^^^^^^^^^^^^^^^^^^^^^^^^^^^^^^^^^^
  File "/Users/eris/Developer/lcdStats/venv/lib/python3.12/site-packages/serial/serialutil.py", line 244, in __init__
    self.open()
  File "/Users/eris/Developer/lcdStats/venv/lib/python3.12/site-packages/serial/serialposix.py", line 325, in open
    raise SerialException(msg.errno, "could not open port {}: {}".format(self._port, msg))
serial.serialutil.SerialException: [Errno 2] could not open port /dev/tty.usbserial-1450: [Errno 2] No such file or directory: '/dev/tty.usbserial-1450'
Traceback (most recent call last):
  File "/Users/eris/Developer/lcdStats/venv/lib/python3.12/site-packages/serial/serialposix.py", line 322, in open
    self.fd = os.open(self.portstr, os.O_RDWR | os.O_NOCTTY | os.O_NONBLOCK)
              ^^^^^^^^^^^^^^^^^^^^^^^^^^^^^^^^^^^^^^^^^^^^^^^^^^^^^^^^^^^^^^
FileNotFoundError: [Errno 2] No such file or directory: '/dev/tty.usbserial-1450'

During handling of the above exception, another exception occurred:

Traceback (most recent call last):
  File "/Users/eris/Developer/lcdStats/run.py", line 7, in <module>
    arduino = serial.Serial(port='/dev/tty.usbserial-1450',
              ^^^^^^^^^^^^^^^^^^^^^^^^^^^^^^^^^^^^^^^^^^^^^
  File "/Users/eris/Developer/lcdStats/venv/lib/python3.12/site-packages/serial/serialutil.py", line 244, in __init__
    self.open()
  File "/Users/eris/Developer/lcdStats/venv/lib/python3.12/site-packages/serial/serialposix.py", line 325, in open
    raise SerialException(msg.errno, "could not open port {}: {}".format(self._port, msg))
serial.serialutil.SerialException: [Errno 2] could not open port /dev/tty.usbserial-1450: [Errno 2] No such file or directory: '/dev/tty.usbserial-1450'
Traceback (most recent call last):
  File "/Users/eris/Developer/lcdStats/venv/lib/python3.12/site-packages/serial/serialposix.py", line 322, in open
    self.fd = os.open(self.portstr, os.O_RDWR | os.O_NOCTTY | os.O_NONBLOCK)
              ^^^^^^^^^^^^^^^^^^^^^^^^^^^^^^^^^^^^^^^^^^^^^^^^^^^^^^^^^^^^^^
FileNotFoundError: [Errno 2] No such file or directory: '/dev/tty.usbserial-1450'

During handling of the above exception, another exception occurred:

Traceback (most recent call last):
  File "/Users/eris/Developer/lcdStats/run.py", line 7, in <module>
    arduino = serial.Serial(port='/dev/tty.usbserial-1450',
              ^^^^^^^^^^^^^^^^^^^^^^^^^^^^^^^^^^^^^^^^^^^^^
  File "/Users/eris/Developer/lcdStats/venv/lib/python3.12/site-packages/serial/serialutil.py", line 244, in __init__
    self.open()
  File "/Users/eris/Developer/lcdStats/venv/lib/python3.12/site-packages/serial/serialposix.py", line 325, in open
    raise SerialException(msg.errno, "could not open port {}: {}".format(self._port, msg))
serial.serialutil.SerialException: [Errno 2] could not open port /dev/tty.usbserial-1450: [Errno 2] No such file or directory: '/dev/tty.usbserial-1450'
Traceback (most recent call last):
  File "/Users/eris/Developer/lcdStats/venv/lib/python3.12/site-packages/serial/serialposix.py", line 322, in open
    self.fd = os.open(self.portstr, os.O_RDWR | os.O_NOCTTY | os.O_NONBLOCK)
              ^^^^^^^^^^^^^^^^^^^^^^^^^^^^^^^^^^^^^^^^^^^^^^^^^^^^^^^^^^^^^^
FileNotFoundError: [Errno 2] No such file or directory: '/dev/tty.usbserial-1450'

During handling of the above exception, another exception occurred:

Traceback (most recent call last):
  File "/Users/eris/Developer/lcdStats/run.py", line 7, in <module>
    arduino = serial.Serial(port='/dev/tty.usbserial-1450',
              ^^^^^^^^^^^^^^^^^^^^^^^^^^^^^^^^^^^^^^^^^^^^^
  File "/Users/eris/Developer/lcdStats/venv/lib/python3.12/site-packages/serial/serialutil.py", line 244, in __init__
    self.open()
  File "/Users/eris/Developer/lcdStats/venv/lib/python3.12/site-packages/serial/serialposix.py", line 325, in open
    raise SerialException(msg.errno, "could not open port {}: {}".format(self._port, msg))
serial.serialutil.SerialException: [Errno 2] could not open port /dev/tty.usbserial-1450: [Errno 2] No such file or directory: '/dev/tty.usbserial-1450'
Traceback (most recent call last):
  File "/Users/eris/Developer/lcdStats/venv/lib/python3.12/site-packages/serial/serialposix.py", line 322, in open
    self.fd = os.open(self.portstr, os.O_RDWR | os.O_NOCTTY | os.O_NONBLOCK)
              ^^^^^^^^^^^^^^^^^^^^^^^^^^^^^^^^^^^^^^^^^^^^^^^^^^^^^^^^^^^^^^
FileNotFoundError: [Errno 2] No such file or directory: '/dev/tty.usbserial-1450'

During handling of the above exception, another exception occurred:

Traceback (most recent call last):
  File "/Users/eris/Developer/lcdStats/run.py", line 7, in <module>
    arduino = serial.Serial(port='/dev/tty.usbserial-1450',
              ^^^^^^^^^^^^^^^^^^^^^^^^^^^^^^^^^^^^^^^^^^^^^
  File "/Users/eris/Developer/lcdStats/venv/lib/python3.12/site-packages/serial/serialutil.py", line 244, in __init__
    self.open()
  File "/Users/eris/Developer/lcdStats/venv/lib/python3.12/site-packages/serial/serialposix.py", line 325, in open
    raise SerialException(msg.errno, "could not open port {}: {}".format(self._port, msg))
serial.serialutil.SerialException: [Errno 2] could not open port /dev/tty.usbserial-1450: [Errno 2] No such file or directory: '/dev/tty.usbserial-1450'
Traceback (most recent call last):
  File "/Users/eris/Developer/lcdStats/venv/lib/python3.12/site-packages/serial/serialposix.py", line 322, in open
    self.fd = os.open(self.portstr, os.O_RDWR | os.O_NOCTTY | os.O_NONBLOCK)
              ^^^^^^^^^^^^^^^^^^^^^^^^^^^^^^^^^^^^^^^^^^^^^^^^^^^^^^^^^^^^^^
FileNotFoundError: [Errno 2] No such file or directory: '/dev/tty.usbserial-1450'

During handling of the above exception, another exception occurred:

Traceback (most recent call last):
  File "/Users/eris/Developer/lcdStats/run.py", line 7, in <module>
    arduino = serial.Serial(port='/dev/tty.usbserial-1450',
              ^^^^^^^^^^^^^^^^^^^^^^^^^^^^^^^^^^^^^^^^^^^^^
  File "/Users/eris/Developer/lcdStats/venv/lib/python3.12/site-packages/serial/serialutil.py", line 244, in __init__
    self.open()
  File "/Users/eris/Developer/lcdStats/venv/lib/python3.12/site-packages/serial/serialposix.py", line 325, in open
    raise SerialException(msg.errno, "could not open port {}: {}".format(self._port, msg))
serial.serialutil.SerialException: [Errno 2] could not open port /dev/tty.usbserial-1450: [Errno 2] No such file or directory: '/dev/tty.usbserial-1450'
Traceback (most recent call last):
  File "/Users/eris/Developer/lcdStats/venv/lib/python3.12/site-packages/serial/serialposix.py", line 322, in open
    self.fd = os.open(self.portstr, os.O_RDWR | os.O_NOCTTY | os.O_NONBLOCK)
              ^^^^^^^^^^^^^^^^^^^^^^^^^^^^^^^^^^^^^^^^^^^^^^^^^^^^^^^^^^^^^^
FileNotFoundError: [Errno 2] No such file or directory: '/dev/tty.usbserial-1450'

During handling of the above exception, another exception occurred:

Traceback (most recent call last):
  File "/Users/eris/Developer/lcdStats/run.py", line 7, in <module>
    arduino = serial.Serial(port='/dev/tty.usbserial-1450',
              ^^^^^^^^^^^^^^^^^^^^^^^^^^^^^^^^^^^^^^^^^^^^^
  File "/Users/eris/Developer/lcdStats/venv/lib/python3.12/site-packages/serial/serialutil.py", line 244, in __init__
    self.open()
  File "/Users/eris/Developer/lcdStats/venv/lib/python3.12/site-packages/serial/serialposix.py", line 325, in open
    raise SerialException(msg.errno, "could not open port {}: {}".format(self._port, msg))
serial.serialutil.SerialException: [Errno 2] could not open port /dev/tty.usbserial-1450: [Errno 2] No such file or directory: '/dev/tty.usbserial-1450'
Traceback (most recent call last):
  File "/Users/eris/Developer/lcdStats/venv/lib/python3.12/site-packages/serial/serialposix.py", line 322, in open
    self.fd = os.open(self.portstr, os.O_RDWR | os.O_NOCTTY | os.O_NONBLOCK)
              ^^^^^^^^^^^^^^^^^^^^^^^^^^^^^^^^^^^^^^^^^^^^^^^^^^^^^^^^^^^^^^
FileNotFoundError: [Errno 2] No such file or directory: '/dev/tty.usbserial-1450'

During handling of the above exception, another exception occurred:

Traceback (most recent call last):
  File "/Users/eris/Developer/lcdStats/run.py", line 7, in <module>
    arduino = serial.Serial(port='/dev/tty.usbserial-1450',
              ^^^^^^^^^^^^^^^^^^^^^^^^^^^^^^^^^^^^^^^^^^^^^
  File "/Users/eris/Developer/lcdStats/venv/lib/python3.12/site-packages/serial/serialutil.py", line 244, in __init__
    self.open()
  File "/Users/eris/Developer/lcdStats/venv/lib/python3.12/site-packages/serial/serialposix.py", line 325, in open
    raise SerialException(msg.errno, "could not open port {}: {}".format(self._port, msg))
serial.serialutil.SerialException: [Errno 2] could not open port /dev/tty.usbserial-1450: [Errno 2] No such file or directory: '/dev/tty.usbserial-1450'
Traceback (most recent call last):
  File "/Users/eris/Developer/lcdStats/venv/lib/python3.12/site-packages/serial/serialposix.py", line 322, in open
    self.fd = os.open(self.portstr, os.O_RDWR | os.O_NOCTTY | os.O_NONBLOCK)
              ^^^^^^^^^^^^^^^^^^^^^^^^^^^^^^^^^^^^^^^^^^^^^^^^^^^^^^^^^^^^^^
FileNotFoundError: [Errno 2] No such file or directory: '/dev/tty.usbserial-1450'

During handling of the above exception, another exception occurred:

Traceback (most recent call last):
  File "/Users/eris/Developer/lcdStats/run.py", line 7, in <module>
    arduino = serial.Serial(port='/dev/tty.usbserial-1450',
              ^^^^^^^^^^^^^^^^^^^^^^^^^^^^^^^^^^^^^^^^^^^^^
  File "/Users/eris/Developer/lcdStats/venv/lib/python3.12/site-packages/serial/serialutil.py", line 244, in __init__
    self.open()
  File "/Users/eris/Developer/lcdStats/venv/lib/python3.12/site-packages/serial/serialposix.py", line 325, in open
    raise SerialException(msg.errno, "could not open port {}: {}".format(self._port, msg))
serial.serialutil.SerialException: [Errno 2] could not open port /dev/tty.usbserial-1450: [Errno 2] No such file or directory: '/dev/tty.usbserial-1450'
Traceback (most recent call last):
  File "/Users/eris/Developer/lcdStats/venv/lib/python3.12/site-packages/serial/serialposix.py", line 322, in open
    self.fd = os.open(self.portstr, os.O_RDWR | os.O_NOCTTY | os.O_NONBLOCK)
              ^^^^^^^^^^^^^^^^^^^^^^^^^^^^^^^^^^^^^^^^^^^^^^^^^^^^^^^^^^^^^^
FileNotFoundError: [Errno 2] No such file or directory: '/dev/tty.usbserial-1450'

During handling of the above exception, another exception occurred:

Traceback (most recent call last):
  File "/Users/eris/Developer/lcdStats/run.py", line 7, in <module>
    arduino = serial.Serial(port='/dev/tty.usbserial-1450',
              ^^^^^^^^^^^^^^^^^^^^^^^^^^^^^^^^^^^^^^^^^^^^^
  File "/Users/eris/Developer/lcdStats/venv/lib/python3.12/site-packages/serial/serialutil.py", line 244, in __init__
    self.open()
  File "/Users/eris/Developer/lcdStats/venv/lib/python3.12/site-packages/serial/serialposix.py", line 325, in open
    raise SerialException(msg.errno, "could not open port {}: {}".format(self._port, msg))
serial.serialutil.SerialException: [Errno 2] could not open port /dev/tty.usbserial-1450: [Errno 2] No such file or directory: '/dev/tty.usbserial-1450'
Traceback (most recent call last):
  File "/Users/eris/Developer/lcdStats/venv/lib/python3.12/site-packages/serial/serialposix.py", line 322, in open
    self.fd = os.open(self.portstr, os.O_RDWR | os.O_NOCTTY | os.O_NONBLOCK)
              ^^^^^^^^^^^^^^^^^^^^^^^^^^^^^^^^^^^^^^^^^^^^^^^^^^^^^^^^^^^^^^
FileNotFoundError: [Errno 2] No such file or directory: '/dev/tty.usbserial-1450'

During handling of the above exception, another exception occurred:

Traceback (most recent call last):
  File "/Users/eris/Developer/lcdStats/run.py", line 7, in <module>
    arduino = serial.Serial(port='/dev/tty.usbserial-1450',
              ^^^^^^^^^^^^^^^^^^^^^^^^^^^^^^^^^^^^^^^^^^^^^
  File "/Users/eris/Developer/lcdStats/venv/lib/python3.12/site-packages/serial/serialutil.py", line 244, in __init__
    self.open()
  File "/Users/eris/Developer/lcdStats/venv/lib/python3.12/site-packages/serial/serialposix.py", line 325, in open
    raise SerialException(msg.errno, "could not open port {}: {}".format(self._port, msg))
serial.serialutil.SerialException: [Errno 2] could not open port /dev/tty.usbserial-1450: [Errno 2] No such file or directory: '/dev/tty.usbserial-1450'
Traceback (most recent call last):
  File "/Users/eris/Developer/lcdStats/venv/lib/python3.12/site-packages/serial/serialposix.py", line 322, in open
    self.fd = os.open(self.portstr, os.O_RDWR | os.O_NOCTTY | os.O_NONBLOCK)
              ^^^^^^^^^^^^^^^^^^^^^^^^^^^^^^^^^^^^^^^^^^^^^^^^^^^^^^^^^^^^^^
FileNotFoundError: [Errno 2] No such file or directory: '/dev/tty.usbserial-1450'

During handling of the above exception, another exception occurred:

Traceback (most recent call last):
  File "/Users/eris/Developer/lcdStats/run.py", line 7, in <module>
    arduino = serial.Serial(port='/dev/tty.usbserial-1450',
              ^^^^^^^^^^^^^^^^^^^^^^^^^^^^^^^^^^^^^^^^^^^^^
  File "/Users/eris/Developer/lcdStats/venv/lib/python3.12/site-packages/serial/serialutil.py", line 244, in __init__
    self.open()
  File "/Users/eris/Developer/lcdStats/venv/lib/python3.12/site-packages/serial/serialposix.py", line 325, in open
    raise SerialException(msg.errno, "could not open port {}: {}".format(self._port, msg))
serial.serialutil.SerialException: [Errno 2] could not open port /dev/tty.usbserial-1450: [Errno 2] No such file or directory: '/dev/tty.usbserial-1450'
Traceback (most recent call last):
  File "/Users/eris/Developer/lcdStats/venv/lib/python3.12/site-packages/serial/serialposix.py", line 322, in open
    self.fd = os.open(self.portstr, os.O_RDWR | os.O_NOCTTY | os.O_NONBLOCK)
              ^^^^^^^^^^^^^^^^^^^^^^^^^^^^^^^^^^^^^^^^^^^^^^^^^^^^^^^^^^^^^^
FileNotFoundError: [Errno 2] No such file or directory: '/dev/tty.usbserial-1450'

During handling of the above exception, another exception occurred:

Traceback (most recent call last):
  File "/Users/eris/Developer/lcdStats/run.py", line 7, in <module>
    arduino = serial.Serial(port='/dev/tty.usbserial-1450',
              ^^^^^^^^^^^^^^^^^^^^^^^^^^^^^^^^^^^^^^^^^^^^^
  File "/Users/eris/Developer/lcdStats/venv/lib/python3.12/site-packages/serial/serialutil.py", line 244, in __init__
    self.open()
  File "/Users/eris/Developer/lcdStats/venv/lib/python3.12/site-packages/serial/serialposix.py", line 325, in open
    raise SerialException(msg.errno, "could not open port {}: {}".format(self._port, msg))
serial.serialutil.SerialException: [Errno 2] could not open port /dev/tty.usbserial-1450: [Errno 2] No such file or directory: '/dev/tty.usbserial-1450'
Traceback (most recent call last):
  File "/Users/eris/Developer/lcdStats/venv/lib/python3.12/site-packages/serial/serialposix.py", line 322, in open
    self.fd = os.open(self.portstr, os.O_RDWR | os.O_NOCTTY | os.O_NONBLOCK)
              ^^^^^^^^^^^^^^^^^^^^^^^^^^^^^^^^^^^^^^^^^^^^^^^^^^^^^^^^^^^^^^
FileNotFoundError: [Errno 2] No such file or directory: '/dev/tty.usbserial-1450'

During handling of the above exception, another exception occurred:

Traceback (most recent call last):
  File "/Users/eris/Developer/lcdStats/run.py", line 7, in <module>
    arduino = serial.Serial(port='/dev/tty.usbserial-1450',
              ^^^^^^^^^^^^^^^^^^^^^^^^^^^^^^^^^^^^^^^^^^^^^
  File "/Users/eris/Developer/lcdStats/venv/lib/python3.12/site-packages/serial/serialutil.py", line 244, in __init__
    self.open()
  File "/Users/eris/Developer/lcdStats/venv/lib/python3.12/site-packages/serial/serialposix.py", line 325, in open
    raise SerialException(msg.errno, "could not open port {}: {}".format(self._port, msg))
serial.serialutil.SerialException: [Errno 2] could not open port /dev/tty.usbserial-1450: [Errno 2] No such file or directory: '/dev/tty.usbserial-1450'
Traceback (most recent call last):
  File "/Users/eris/Developer/lcdStats/venv/lib/python3.12/site-packages/serial/serialposix.py", line 322, in open
    self.fd = os.open(self.portstr, os.O_RDWR | os.O_NOCTTY | os.O_NONBLOCK)
              ^^^^^^^^^^^^^^^^^^^^^^^^^^^^^^^^^^^^^^^^^^^^^^^^^^^^^^^^^^^^^^
FileNotFoundError: [Errno 2] No such file or directory: '/dev/tty.usbserial-1450'

During handling of the above exception, another exception occurred:

Traceback (most recent call last):
  File "/Users/eris/Developer/lcdStats/run.py", line 7, in <module>
    arduino = serial.Serial(port='/dev/tty.usbserial-1450',
              ^^^^^^^^^^^^^^^^^^^^^^^^^^^^^^^^^^^^^^^^^^^^^
  File "/Users/eris/Developer/lcdStats/venv/lib/python3.12/site-packages/serial/serialutil.py", line 244, in __init__
    self.open()
  File "/Users/eris/Developer/lcdStats/venv/lib/python3.12/site-packages/serial/serialposix.py", line 325, in open
    raise SerialException(msg.errno, "could not open port {}: {}".format(self._port, msg))
serial.serialutil.SerialException: [Errno 2] could not open port /dev/tty.usbserial-1450: [Errno 2] No such file or directory: '/dev/tty.usbserial-1450'
Traceback (most recent call last):
  File "/Users/eris/Developer/lcdStats/venv/lib/python3.12/site-packages/serial/serialposix.py", line 322, in open
    self.fd = os.open(self.portstr, os.O_RDWR | os.O_NOCTTY | os.O_NONBLOCK)
              ^^^^^^^^^^^^^^^^^^^^^^^^^^^^^^^^^^^^^^^^^^^^^^^^^^^^^^^^^^^^^^
FileNotFoundError: [Errno 2] No such file or directory: '/dev/tty.usbserial-1450'

During handling of the above exception, another exception occurred:

Traceback (most recent call last):
  File "/Users/eris/Developer/lcdStats/run.py", line 7, in <module>
    arduino = serial.Serial(port='/dev/tty.usbserial-1450',
              ^^^^^^^^^^^^^^^^^^^^^^^^^^^^^^^^^^^^^^^^^^^^^
  File "/Users/eris/Developer/lcdStats/venv/lib/python3.12/site-packages/serial/serialutil.py", line 244, in __init__
    self.open()
  File "/Users/eris/Developer/lcdStats/venv/lib/python3.12/site-packages/serial/serialposix.py", line 325, in open
    raise SerialException(msg.errno, "could not open port {}: {}".format(self._port, msg))
serial.serialutil.SerialException: [Errno 2] could not open port /dev/tty.usbserial-1450: [Errno 2] No such file or directory: '/dev/tty.usbserial-1450'
Traceback (most recent call last):
  File "/Users/eris/Developer/lcdStats/venv/lib/python3.12/site-packages/serial/serialposix.py", line 322, in open
    self.fd = os.open(self.portstr, os.O_RDWR | os.O_NOCTTY | os.O_NONBLOCK)
              ^^^^^^^^^^^^^^^^^^^^^^^^^^^^^^^^^^^^^^^^^^^^^^^^^^^^^^^^^^^^^^
FileNotFoundError: [Errno 2] No such file or directory: '/dev/tty.usbserial-1450'

During handling of the above exception, another exception occurred:

Traceback (most recent call last):
  File "/Users/eris/Developer/lcdStats/run.py", line 7, in <module>
    arduino = serial.Serial(port='/dev/tty.usbserial-1450',
              ^^^^^^^^^^^^^^^^^^^^^^^^^^^^^^^^^^^^^^^^^^^^^
  File "/Users/eris/Developer/lcdStats/venv/lib/python3.12/site-packages/serial/serialutil.py", line 244, in __init__
    self.open()
  File "/Users/eris/Developer/lcdStats/venv/lib/python3.12/site-packages/serial/serialposix.py", line 325, in open
    raise SerialException(msg.errno, "could not open port {}: {}".format(self._port, msg))
serial.serialutil.SerialException: [Errno 2] could not open port /dev/tty.usbserial-1450: [Errno 2] No such file or directory: '/dev/tty.usbserial-1450'
Traceback (most recent call last):
  File "/Users/eris/Developer/lcdStats/venv/lib/python3.12/site-packages/serial/serialposix.py", line 322, in open
    self.fd = os.open(self.portstr, os.O_RDWR | os.O_NOCTTY | os.O_NONBLOCK)
              ^^^^^^^^^^^^^^^^^^^^^^^^^^^^^^^^^^^^^^^^^^^^^^^^^^^^^^^^^^^^^^
FileNotFoundError: [Errno 2] No such file or directory: '/dev/tty.usbserial-1450'

During handling of the above exception, another exception occurred:

Traceback (most recent call last):
  File "/Users/eris/Developer/lcdStats/run.py", line 7, in <module>
    arduino = serial.Serial(port='/dev/tty.usbserial-1450',
              ^^^^^^^^^^^^^^^^^^^^^^^^^^^^^^^^^^^^^^^^^^^^^
  File "/Users/eris/Developer/lcdStats/venv/lib/python3.12/site-packages/serial/serialutil.py", line 244, in __init__
    self.open()
  File "/Users/eris/Developer/lcdStats/venv/lib/python3.12/site-packages/serial/serialposix.py", line 325, in open
    raise SerialException(msg.errno, "could not open port {}: {}".format(self._port, msg))
serial.serialutil.SerialException: [Errno 2] could not open port /dev/tty.usbserial-1450: [Errno 2] No such file or directory: '/dev/tty.usbserial-1450'
Traceback (most recent call last):
  File "/Users/eris/Developer/lcdStats/venv/lib/python3.12/site-packages/serial/serialposix.py", line 322, in open
    self.fd = os.open(self.portstr, os.O_RDWR | os.O_NOCTTY | os.O_NONBLOCK)
              ^^^^^^^^^^^^^^^^^^^^^^^^^^^^^^^^^^^^^^^^^^^^^^^^^^^^^^^^^^^^^^
FileNotFoundError: [Errno 2] No such file or directory: '/dev/tty.usbserial-1450'

During handling of the above exception, another exception occurred:

Traceback (most recent call last):
  File "/Users/eris/Developer/lcdStats/run.py", line 7, in <module>
    arduino = serial.Serial(port='/dev/tty.usbserial-1450',
              ^^^^^^^^^^^^^^^^^^^^^^^^^^^^^^^^^^^^^^^^^^^^^
  File "/Users/eris/Developer/lcdStats/venv/lib/python3.12/site-packages/serial/serialutil.py", line 244, in __init__
    self.open()
  File "/Users/eris/Developer/lcdStats/venv/lib/python3.12/site-packages/serial/serialposix.py", line 325, in open
    raise SerialException(msg.errno, "could not open port {}: {}".format(self._port, msg))
serial.serialutil.SerialException: [Errno 2] could not open port /dev/tty.usbserial-1450: [Errno 2] No such file or directory: '/dev/tty.usbserial-1450'
Traceback (most recent call last):
  File "/Users/eris/Developer/lcdStats/venv/lib/python3.12/site-packages/serial/serialposix.py", line 322, in open
    self.fd = os.open(self.portstr, os.O_RDWR | os.O_NOCTTY | os.O_NONBLOCK)
              ^^^^^^^^^^^^^^^^^^^^^^^^^^^^^^^^^^^^^^^^^^^^^^^^^^^^^^^^^^^^^^
FileNotFoundError: [Errno 2] No such file or directory: '/dev/tty.usbserial-1450'

During handling of the above exception, another exception occurred:

Traceback (most recent call last):
  File "/Users/eris/Developer/lcdStats/run.py", line 7, in <module>
    arduino = serial.Serial(port='/dev/tty.usbserial-1450',
              ^^^^^^^^^^^^^^^^^^^^^^^^^^^^^^^^^^^^^^^^^^^^^
  File "/Users/eris/Developer/lcdStats/venv/lib/python3.12/site-packages/serial/serialutil.py", line 244, in __init__
    self.open()
  File "/Users/eris/Developer/lcdStats/venv/lib/python3.12/site-packages/serial/serialposix.py", line 325, in open
    raise SerialException(msg.errno, "could not open port {}: {}".format(self._port, msg))
serial.serialutil.SerialException: [Errno 2] could not open port /dev/tty.usbserial-1450: [Errno 2] No such file or directory: '/dev/tty.usbserial-1450'
Traceback (most recent call last):
  File "/Users/eris/Developer/lcdStats/venv/lib/python3.12/site-packages/serial/serialposix.py", line 322, in open
    self.fd = os.open(self.portstr, os.O_RDWR | os.O_NOCTTY | os.O_NONBLOCK)
              ^^^^^^^^^^^^^^^^^^^^^^^^^^^^^^^^^^^^^^^^^^^^^^^^^^^^^^^^^^^^^^
FileNotFoundError: [Errno 2] No such file or directory: '/dev/tty.usbserial-1450'

During handling of the above exception, another exception occurred:

Traceback (most recent call last):
  File "/Users/eris/Developer/lcdStats/run.py", line 7, in <module>
    arduino = serial.Serial(port='/dev/tty.usbserial-1450',
              ^^^^^^^^^^^^^^^^^^^^^^^^^^^^^^^^^^^^^^^^^^^^^
  File "/Users/eris/Developer/lcdStats/venv/lib/python3.12/site-packages/serial/serialutil.py", line 244, in __init__
    self.open()
  File "/Users/eris/Developer/lcdStats/venv/lib/python3.12/site-packages/serial/serialposix.py", line 325, in open
    raise SerialException(msg.errno, "could not open port {}: {}".format(self._port, msg))
serial.serialutil.SerialException: [Errno 2] could not open port /dev/tty.usbserial-1450: [Errno 2] No such file or directory: '/dev/tty.usbserial-1450'
Traceback (most recent call last):
  File "/Users/eris/Developer/lcdStats/venv/lib/python3.12/site-packages/serial/serialposix.py", line 322, in open
    self.fd = os.open(self.portstr, os.O_RDWR | os.O_NOCTTY | os.O_NONBLOCK)
              ^^^^^^^^^^^^^^^^^^^^^^^^^^^^^^^^^^^^^^^^^^^^^^^^^^^^^^^^^^^^^^
FileNotFoundError: [Errno 2] No such file or directory: '/dev/tty.usbserial-1450'

During handling of the above exception, another exception occurred:

Traceback (most recent call last):
  File "/Users/eris/Developer/lcdStats/run.py", line 7, in <module>
    arduino = serial.Serial(port='/dev/tty.usbserial-1450',
              ^^^^^^^^^^^^^^^^^^^^^^^^^^^^^^^^^^^^^^^^^^^^^
  File "/Users/eris/Developer/lcdStats/venv/lib/python3.12/site-packages/serial/serialutil.py", line 244, in __init__
    self.open()
  File "/Users/eris/Developer/lcdStats/venv/lib/python3.12/site-packages/serial/serialposix.py", line 325, in open
    raise SerialException(msg.errno, "could not open port {}: {}".format(self._port, msg))
serial.serialutil.SerialException: [Errno 2] could not open port /dev/tty.usbserial-1450: [Errno 2] No such file or directory: '/dev/tty.usbserial-1450'
/Users/eris/Developer/lcdStats/STARTUP.sh: line 10: 60306 Killed: 9               python3 $SCRIPT_DIR/run.py
/Users/eris/Developer/lcdStats/STARTUP.sh: line 10: 84911 Killed: 9               python3 $SCRIPT_DIR/run.py
ioreg: error: can't obtain name.
ioreg: error: can't obtain class.
ioreg: error: can't obtain properties.
